3-29-2024 14:40:11 - log: Load engine in /Applications/Cocos/Creator/3.8.2/CocosCreator.app/Contents/Resources/resources/3d/engine
3-29-2024 14:40:11 - log: Profile changed: engine (modules.includeModules: 2d,animation,audio,base,dragon-bones,gfx-webgl,gfx-webgl2,intersection-2d,particle-2d,physics-2d-box2d,profiler,spine,tiled-map,tween,ui,video,webview)
3-29-2024 14:40:11 - log: Register native engine in /Applications/Cocos/Creator/3.8.2/CocosCreator.app/Contents/Resources/resources/3d/engine/native
3-29-2024 14:40:20 - log: [Scene] meshopt wasm decoder initialized
3-29-2024 14:40:20 - log: [Scene] [box2d]:box2d wasm lib loaded.
3-29-2024 14:40:20 - log: [Scene] [bullet]:bullet wasm lib loaded.
3-29-2024 14:40:20 - log: [Scene] [PHYSICS]: using builtin.
3-29-2024 14:40:21 - log: [Scene] Cocos Creator v3.8.2
3-29-2024 14:40:21 - info: [Scene] Forward render pipeline initialized.
3-29-2024 14:40:21 - warn: [Scene] 'SystemEvent' is deprecated since v3.4.0, please use 'Input' instead.Error: [Scene] 'SystemEvent' is deprecated since v3.4.0, please use 'Input' instead.
    at warn (/Applications/Cocos/Creator/3.8.2/CocosCreator.app/Contents/Resources/resources/3d/engine/bin/.cache/dev/editor/bundled/index.js:160729:12)
    at warnID (/Applications/Cocos/Creator/3.8.2/CocosCreator.app/Contents/Resources/resources/3d/engine/bin/.cache/dev/editor/bundled/index.js:160911:5)
    at _checkObsoleteByName (/Applications/Cocos/Creator/3.8.2/CocosCreator.app/Contents/Resources/resources/3d/engine/bin/.cache/dev/editor/bundled/index.js:166324:7)
    at __checkObsolete__ (/Applications/Cocos/Creator/3.8.2/CocosCreator.app/Contents/Resources/resources/3d/engine/bin/.cache/dev/editor/bundled/index.js:166343:7)
    at Object.execute (file:///Users/waostudio/Desktop/tx2/temp/programming/packer-driver/targets/editor/chunks/1c/1cbfbf19ae72a2e17f73eea1e52a478143b72af6.js:46:7)
    at doExec (/Applications/Cocos/Creator/3.8.2/CocosCreator.app/Contents/Resources/app.asar/node_modules/@editor/lib-programming/static/executor/systemjs-bridge/out/index.js:517:30)
    at postOrderExec (/Applications/Cocos/Creator/3.8.2/CocosCreator.app/Contents/Resources/app.asar/node_modules/@editor/lib-programming/static/executor/systemjs-bridge/out/index.js:508:21)
3-29-2024 14:40:21 - log: [Scene] [PHYSICS2D]: switch from box2d-wasm to box2d.
3-29-2024 14:49:30 - warn: [Scene] 'SystemEvent' is deprecated since v3.4.0, please use 'Input' instead.Error: [Scene] 'SystemEvent' is deprecated since v3.4.0, please use 'Input' instead.
    at warn (/Applications/Cocos/Creator/3.8.2/CocosCreator.app/Contents/Resources/resources/3d/engine/bin/.cache/dev/editor/bundled/index.js:160729:12)
    at warnID (/Applications/Cocos/Creator/3.8.2/CocosCreator.app/Contents/Resources/resources/3d/engine/bin/.cache/dev/editor/bundled/index.js:160911:5)
    at _checkObsoleteByName (/Applications/Cocos/Creator/3.8.2/CocosCreator.app/Contents/Resources/resources/3d/engine/bin/.cache/dev/editor/bundled/index.js:166324:7)
    at __checkObsolete__ (/Applications/Cocos/Creator/3.8.2/CocosCreator.app/Contents/Resources/resources/3d/engine/bin/.cache/dev/editor/bundled/index.js:166343:7)
    at Object.execute (file:///Users/waostudio/Desktop/tx2/temp/programming/packer-driver/targets/editor/chunks/1c/1cbfbf19ae72a2e17f73eea1e52a478143b72af6.js:46:7)
    at doExec (/Applications/Cocos/Creator/3.8.2/CocosCreator.app/Contents/Resources/app.asar/node_modules/@editor/lib-programming/static/executor/systemjs-bridge/out/index.js:517:30)
    at postOrderExec (/Applications/Cocos/Creator/3.8.2/CocosCreator.app/Contents/Resources/app.asar/node_modules/@editor/lib-programming/static/executor/systemjs-bridge/out/index.js:508:21)
3-29-2024 15:03:57 - info: [PreviewInEditor] preview process is ready
3-29-2024 15:03:57 - log: [PreviewInEditor] meshopt wasm decoder initialized
3-29-2024 15:03:57 - log: [PreviewInEditor] [box2d]:box2d wasm lib loaded.
3-29-2024 15:03:57 - log: [PreviewInEditor] [bullet]:bullet wasm lib loaded.
3-29-2024 15:03:57 - log: [PreviewInEditor] [PHYSICS]: using builtin.
3-29-2024 15:03:58 - log: [PreviewInEditor] Cocos Creator v3.8.2
3-29-2024 15:03:58 - info: [PreviewInEditor] Forward render pipeline initialized.
3-29-2024 15:03:58 - warn: [PreviewInEditor] 'SystemEvent' is deprecated since v3.4.0, please use 'Input' instead.Error: [PreviewInEditor] 'SystemEvent' is deprecated since v3.4.0, please use 'Input' instead.
    at warn (/Applications/Cocos/Creator/3.8.2/CocosCreator.app/Contents/Resources/resources/3d/engine/bin/.cache/dev/editor/bundled/index.js:160729:12)
    at warnID (/Applications/Cocos/Creator/3.8.2/CocosCreator.app/Contents/Resources/resources/3d/engine/bin/.cache/dev/editor/bundled/index.js:160911:5)
    at _checkObsoleteByName (/Applications/Cocos/Creator/3.8.2/CocosCreator.app/Contents/Resources/resources/3d/engine/bin/.cache/dev/editor/bundled/index.js:166324:7)
    at __checkObsolete__ (/Applications/Cocos/Creator/3.8.2/CocosCreator.app/Contents/Resources/resources/3d/engine/bin/.cache/dev/editor/bundled/index.js:166343:7)
    at Object.execute (file:///Users/waostudio/Desktop/tx2/temp/programming/packer-driver/targets/editor/chunks/1c/1cbfbf19ae72a2e17f73eea1e52a478143b72af6.js:46:7)
    at doExec (/Applications/Cocos/Creator/3.8.2/CocosCreator.app/Contents/Resources/app.asar/node_modules/@editor/lib-programming/static/executor/systemjs-bridge/out/index.js:517:30)
    at postOrderExec (/Applications/Cocos/Creator/3.8.2/CocosCreator.app/Contents/Resources/app.asar/node_modules/@editor/lib-programming/static/executor/systemjs-bridge/out/index.js:508:21)
3-29-2024 15:03:58 - log: [PreviewInEditor] [PHYSICS2D]: switch from box2d-wasm to box2d.
3-29-2024 15:03:59 - log: [PreviewInEditor] Không có dữ liệu tài khoản trong Local Storage!
3-29-2024 15:04:07 - log: [PreviewInEditor] 0
3-29-2024 15:04:07 - log: [PreviewInEditor] Không có dữ liệu tài khoản trong Local Storage!
3-29-2024 15:04:07 - log: [PreviewInEditor] Cập nhật balance thất bại!
3-29-2024 15:04:16 - log: [PreviewInEditor] 6
3-29-2024 15:04:16 - log: [PreviewInEditor] Không có dữ liệu tài khoản trong Local Storage!
3-29-2024 15:04:16 - log: [PreviewInEditor] Cập nhật balance thất bại!
3-29-2024 15:04:24 - log: [PreviewInEditor] 7
3-29-2024 15:04:24 - log: [PreviewInEditor] Không có dữ liệu tài khoản trong Local Storage!
3-29-2024 15:04:24 - log: [PreviewInEditor] Cập nhật balance thất bại!
3-29-2024 15:04:32 - log: [PreviewInEditor] 8
3-29-2024 15:04:32 - log: [PreviewInEditor] Không có dữ liệu tài khoản trong Local Storage!
3-29-2024 15:04:32 - log: [PreviewInEditor] Cập nhật balance thất bại!
3-29-2024 15:04:41 - log: [PreviewInEditor] 9
3-29-2024 15:04:41 - log: [PreviewInEditor] Không có dữ liệu tài khoản trong Local Storage!
3-29-2024 15:04:41 - log: [PreviewInEditor] Cập nhật balance thất bại!
3-29-2024 15:04:49 - log: [PreviewInEditor] 10
3-29-2024 15:04:49 - log: [PreviewInEditor] Không có dữ liệu tài khoản trong Local Storage!
3-29-2024 15:04:49 - log: [PreviewInEditor] Cập nhật balance thất bại!
3-29-2024 15:04:53 - info: [PreviewInEditor] preview process is ready
3-29-2024 15:10:06 - warn: [Scene] 'SystemEvent' is deprecated since v3.4.0, please use 'Input' instead.Error: [Scene] 'SystemEvent' is deprecated since v3.4.0, please use 'Input' instead.
    at warn (/Applications/Cocos/Creator/3.8.2/CocosCreator.app/Contents/Resources/resources/3d/engine/bin/.cache/dev/editor/bundled/index.js:160729:12)
    at warnID (/Applications/Cocos/Creator/3.8.2/CocosCreator.app/Contents/Resources/resources/3d/engine/bin/.cache/dev/editor/bundled/index.js:160911:5)
    at _checkObsoleteByName (/Applications/Cocos/Creator/3.8.2/CocosCreator.app/Contents/Resources/resources/3d/engine/bin/.cache/dev/editor/bundled/index.js:166324:7)
    at __checkObsolete__ (/Applications/Cocos/Creator/3.8.2/CocosCreator.app/Contents/Resources/resources/3d/engine/bin/.cache/dev/editor/bundled/index.js:166343:7)
    at Object.execute (file:///Users/waostudio/Desktop/tx2/temp/programming/packer-driver/targets/editor/chunks/1c/1cbfbf19ae72a2e17f73eea1e52a478143b72af6.js:46:7)
    at doExec (/Applications/Cocos/Creator/3.8.2/CocosCreator.app/Contents/Resources/app.asar/node_modules/@editor/lib-programming/static/executor/systemjs-bridge/out/index.js:517:30)
    at postOrderExec (/Applications/Cocos/Creator/3.8.2/CocosCreator.app/Contents/Resources/app.asar/node_modules/@editor/lib-programming/static/executor/systemjs-bridge/out/index.js:508:21)
3-29-2024 15:11:41 - warn: [Scene] 'SystemEvent' is deprecated since v3.4.0, please use 'Input' instead.Error: [Scene] 'SystemEvent' is deprecated since v3.4.0, please use 'Input' instead.
    at warn (/Applications/Cocos/Creator/3.8.2/CocosCreator.app/Contents/Resources/resources/3d/engine/bin/.cache/dev/editor/bundled/index.js:160729:12)
    at warnID (/Applications/Cocos/Creator/3.8.2/CocosCreator.app/Contents/Resources/resources/3d/engine/bin/.cache/dev/editor/bundled/index.js:160911:5)
    at _checkObsoleteByName (/Applications/Cocos/Creator/3.8.2/CocosCreator.app/Contents/Resources/resources/3d/engine/bin/.cache/dev/editor/bundled/index.js:166324:7)
    at __checkObsolete__ (/Applications/Cocos/Creator/3.8.2/CocosCreator.app/Contents/Resources/resources/3d/engine/bin/.cache/dev/editor/bundled/index.js:166343:7)
    at Object.execute (file:///Users/waostudio/Desktop/tx2/temp/programming/packer-driver/targets/editor/chunks/1c/1cbfbf19ae72a2e17f73eea1e52a478143b72af6.js:46:7)
    at doExec (/Applications/Cocos/Creator/3.8.2/CocosCreator.app/Contents/Resources/app.asar/node_modules/@editor/lib-programming/static/executor/systemjs-bridge/out/index.js:517:30)
    at postOrderExec (/Applications/Cocos/Creator/3.8.2/CocosCreator.app/Contents/Resources/app.asar/node_modules/@editor/lib-programming/static/executor/systemjs-bridge/out/index.js:508:21)
3-29-2024 15:15:05 - warn: [Scene] 'SystemEvent' is deprecated since v3.4.0, please use 'Input' instead.Error: [Scene] 'SystemEvent' is deprecated since v3.4.0, please use 'Input' instead.
    at warn (/Applications/Cocos/Creator/3.8.2/CocosCreator.app/Contents/Resources/resources/3d/engine/bin/.cache/dev/editor/bundled/index.js:160729:12)
    at warnID (/Applications/Cocos/Creator/3.8.2/CocosCreator.app/Contents/Resources/resources/3d/engine/bin/.cache/dev/editor/bundled/index.js:160911:5)
    at _checkObsoleteByName (/Applications/Cocos/Creator/3.8.2/CocosCreator.app/Contents/Resources/resources/3d/engine/bin/.cache/dev/editor/bundled/index.js:166324:7)
    at __checkObsolete__ (/Applications/Cocos/Creator/3.8.2/CocosCreator.app/Contents/Resources/resources/3d/engine/bin/.cache/dev/editor/bundled/index.js:166343:7)
    at Object.execute (file:///Users/waostudio/Desktop/tx2/temp/programming/packer-driver/targets/editor/chunks/1c/1cbfbf19ae72a2e17f73eea1e52a478143b72af6.js:46:7)
    at doExec (/Applications/Cocos/Creator/3.8.2/CocosCreator.app/Contents/Resources/app.asar/node_modules/@editor/lib-programming/static/executor/systemjs-bridge/out/index.js:517:30)
    at postOrderExec (/Applications/Cocos/Creator/3.8.2/CocosCreator.app/Contents/Resources/app.asar/node_modules/@editor/lib-programming/static/executor/systemjs-bridge/out/index.js:508:21)
3-29-2024 15:20:09 - warn: [Scene] 'SystemEvent' is deprecated since v3.4.0, please use 'Input' instead.Error: [Scene] 'SystemEvent' is deprecated since v3.4.0, please use 'Input' instead.
    at warn (/Applications/Cocos/Creator/3.8.2/CocosCreator.app/Contents/Resources/resources/3d/engine/bin/.cache/dev/editor/bundled/index.js:160729:12)
    at warnID (/Applications/Cocos/Creator/3.8.2/CocosCreator.app/Contents/Resources/resources/3d/engine/bin/.cache/dev/editor/bundled/index.js:160911:5)
    at _checkObsoleteByName (/Applications/Cocos/Creator/3.8.2/CocosCreator.app/Contents/Resources/resources/3d/engine/bin/.cache/dev/editor/bundled/index.js:166324:7)
    at __checkObsolete__ (/Applications/Cocos/Creator/3.8.2/CocosCreator.app/Contents/Resources/resources/3d/engine/bin/.cache/dev/editor/bundled/index.js:166343:7)
    at Object.execute (file:///Users/waostudio/Desktop/tx2/temp/programming/packer-driver/targets/editor/chunks/1c/1cbfbf19ae72a2e17f73eea1e52a478143b72af6.js:46:7)
    at doExec (/Applications/Cocos/Creator/3.8.2/CocosCreator.app/Contents/Resources/app.asar/node_modules/@editor/lib-programming/static/executor/systemjs-bridge/out/index.js:517:30)
    at postOrderExec (/Applications/Cocos/Creator/3.8.2/CocosCreator.app/Contents/Resources/app.asar/node_modules/@editor/lib-programming/static/executor/systemjs-bridge/out/index.js:508:21)
3-29-2024 15:22:10 - warn: [Scene] 'SystemEvent' is deprecated since v3.4.0, please use 'Input' instead.Error: [Scene] 'SystemEvent' is deprecated since v3.4.0, please use 'Input' instead.
    at warn (/Applications/Cocos/Creator/3.8.2/CocosCreator.app/Contents/Resources/resources/3d/engine/bin/.cache/dev/editor/bundled/index.js:160729:12)
    at warnID (/Applications/Cocos/Creator/3.8.2/CocosCreator.app/Contents/Resources/resources/3d/engine/bin/.cache/dev/editor/bundled/index.js:160911:5)
    at _checkObsoleteByName (/Applications/Cocos/Creator/3.8.2/CocosCreator.app/Contents/Resources/resources/3d/engine/bin/.cache/dev/editor/bundled/index.js:166324:7)
    at __checkObsolete__ (/Applications/Cocos/Creator/3.8.2/CocosCreator.app/Contents/Resources/resources/3d/engine/bin/.cache/dev/editor/bundled/index.js:166343:7)
    at Object.execute (file:///Users/waostudio/Desktop/tx2/temp/programming/packer-driver/targets/editor/chunks/1c/1cbfbf19ae72a2e17f73eea1e52a478143b72af6.js:46:7)
    at doExec (/Applications/Cocos/Creator/3.8.2/CocosCreator.app/Contents/Resources/app.asar/node_modules/@editor/lib-programming/static/executor/systemjs-bridge/out/index.js:517:30)
    at postOrderExec (/Applications/Cocos/Creator/3.8.2/CocosCreator.app/Contents/Resources/app.asar/node_modules/@editor/lib-programming/static/executor/systemjs-bridge/out/index.js:508:21)
3-29-2024 15:26:40 - warn: [Scene] 'SystemEvent' is deprecated since v3.4.0, please use 'Input' instead.Error: [Scene] 'SystemEvent' is deprecated since v3.4.0, please use 'Input' instead.
    at warn (/Applications/Cocos/Creator/3.8.2/CocosCreator.app/Contents/Resources/resources/3d/engine/bin/.cache/dev/editor/bundled/index.js:160729:12)
    at warnID (/Applications/Cocos/Creator/3.8.2/CocosCreator.app/Contents/Resources/resources/3d/engine/bin/.cache/dev/editor/bundled/index.js:160911:5)
    at _checkObsoleteByName (/Applications/Cocos/Creator/3.8.2/CocosCreator.app/Contents/Resources/resources/3d/engine/bin/.cache/dev/editor/bundled/index.js:166324:7)
    at __checkObsolete__ (/Applications/Cocos/Creator/3.8.2/CocosCreator.app/Contents/Resources/resources/3d/engine/bin/.cache/dev/editor/bundled/index.js:166343:7)
    at Object.execute (file:///Users/waostudio/Desktop/tx2/temp/programming/packer-driver/targets/editor/chunks/1c/1cbfbf19ae72a2e17f73eea1e52a478143b72af6.js:46:7)
    at doExec (/Applications/Cocos/Creator/3.8.2/CocosCreator.app/Contents/Resources/app.asar/node_modules/@editor/lib-programming/static/executor/systemjs-bridge/out/index.js:517:30)
    at postOrderExec (/Applications/Cocos/Creator/3.8.2/CocosCreator.app/Contents/Resources/app.asar/node_modules/@editor/lib-programming/static/executor/systemjs-bridge/out/index.js:508:21)
3-29-2024 15:32:49 - warn: [Scene] 'SystemEvent' is deprecated since v3.4.0, please use 'Input' instead.Error: [Scene] 'SystemEvent' is deprecated since v3.4.0, please use 'Input' instead.
    at warn (/Applications/Cocos/Creator/3.8.2/CocosCreator.app/Contents/Resources/resources/3d/engine/bin/.cache/dev/editor/bundled/index.js:160729:12)
    at warnID (/Applications/Cocos/Creator/3.8.2/CocosCreator.app/Contents/Resources/resources/3d/engine/bin/.cache/dev/editor/bundled/index.js:160911:5)
    at _checkObsoleteByName (/Applications/Cocos/Creator/3.8.2/CocosCreator.app/Contents/Resources/resources/3d/engine/bin/.cache/dev/editor/bundled/index.js:166324:7)
    at __checkObsolete__ (/Applications/Cocos/Creator/3.8.2/CocosCreator.app/Contents/Resources/resources/3d/engine/bin/.cache/dev/editor/bundled/index.js:166343:7)
    at Object.execute (file:///Users/waostudio/Desktop/tx2/temp/programming/packer-driver/targets/editor/chunks/1c/1cbfbf19ae72a2e17f73eea1e52a478143b72af6.js:46:7)
    at doExec (/Applications/Cocos/Creator/3.8.2/CocosCreator.app/Contents/Resources/app.asar/node_modules/@editor/lib-programming/static/executor/systemjs-bridge/out/index.js:517:30)
    at postOrderExec (/Applications/Cocos/Creator/3.8.2/CocosCreator.app/Contents/Resources/app.asar/node_modules/@editor/lib-programming/static/executor/systemjs-bridge/out/index.js:508:21)
3-29-2024 15:32:52 - log: [PreviewInEditor] meshopt wasm decoder initialized
3-29-2024 15:32:52 - log: [PreviewInEditor] [box2d]:box2d wasm lib loaded.
3-29-2024 15:32:52 - log: [PreviewInEditor] [bullet]:bullet wasm lib loaded.
3-29-2024 15:32:52 - log: [PreviewInEditor] [PHYSICS]: using builtin.
3-29-2024 15:32:52 - log: [PreviewInEditor] Cocos Creator v3.8.2
3-29-2024 15:32:52 - info: [PreviewInEditor] Forward render pipeline initialized.
3-29-2024 15:32:53 - warn: [PreviewInEditor] 'SystemEvent' is deprecated since v3.4.0, please use 'Input' instead.Error: [PreviewInEditor] 'SystemEvent' is deprecated since v3.4.0, please use 'Input' instead.
    at warn (/Applications/Cocos/Creator/3.8.2/CocosCreator.app/Contents/Resources/resources/3d/engine/bin/.cache/dev/editor/bundled/index.js:160729:12)
    at warnID (/Applications/Cocos/Creator/3.8.2/CocosCreator.app/Contents/Resources/resources/3d/engine/bin/.cache/dev/editor/bundled/index.js:160911:5)
    at _checkObsoleteByName (/Applications/Cocos/Creator/3.8.2/CocosCreator.app/Contents/Resources/resources/3d/engine/bin/.cache/dev/editor/bundled/index.js:166324:7)
    at __checkObsolete__ (/Applications/Cocos/Creator/3.8.2/CocosCreator.app/Contents/Resources/resources/3d/engine/bin/.cache/dev/editor/bundled/index.js:166343:7)
    at Object.execute (file:///Users/waostudio/Desktop/tx2/temp/programming/packer-driver/targets/editor/chunks/1c/1cbfbf19ae72a2e17f73eea1e52a478143b72af6.js:46:7)
    at doExec (/Applications/Cocos/Creator/3.8.2/CocosCreator.app/Contents/Resources/app.asar/node_modules/@editor/lib-programming/static/executor/systemjs-bridge/out/index.js:517:30)
    at postOrderExec (/Applications/Cocos/Creator/3.8.2/CocosCreator.app/Contents/Resources/app.asar/node_modules/@editor/lib-programming/static/executor/systemjs-bridge/out/index.js:508:21)
3-29-2024 15:32:53 - log: [PreviewInEditor] [PHYSICS2D]: switch from box2d-wasm to box2d.
3-29-2024 15:32:54 - log: [PreviewInEditor] Không có dữ liệu tài khoản trong Local Storage!
3-29-2024 15:36:35 - warn: [Scene] 'SystemEvent' is deprecated since v3.4.0, please use 'Input' instead.Error: [Scene] 'SystemEvent' is deprecated since v3.4.0, please use 'Input' instead.
    at warn (/Applications/Cocos/Creator/3.8.2/CocosCreator.app/Contents/Resources/resources/3d/engine/bin/.cache/dev/editor/bundled/index.js:160729:12)
    at warnID (/Applications/Cocos/Creator/3.8.2/CocosCreator.app/Contents/Resources/resources/3d/engine/bin/.cache/dev/editor/bundled/index.js:160911:5)
    at _checkObsoleteByName (/Applications/Cocos/Creator/3.8.2/CocosCreator.app/Contents/Resources/resources/3d/engine/bin/.cache/dev/editor/bundled/index.js:166324:7)
    at __checkObsolete__ (/Applications/Cocos/Creator/3.8.2/CocosCreator.app/Contents/Resources/resources/3d/engine/bin/.cache/dev/editor/bundled/index.js:166343:7)
    at Object.execute (file:///Users/waostudio/Desktop/tx2/temp/programming/packer-driver/targets/editor/chunks/1c/1cbfbf19ae72a2e17f73eea1e52a478143b72af6.js:46:7)
    at doExec (/Applications/Cocos/Creator/3.8.2/CocosCreator.app/Contents/Resources/app.asar/node_modules/@editor/lib-programming/static/executor/systemjs-bridge/out/index.js:517:30)
    at postOrderExec (/Applications/Cocos/Creator/3.8.2/CocosCreator.app/Contents/Resources/app.asar/node_modules/@editor/lib-programming/static/executor/systemjs-bridge/out/index.js:508:21)
3-29-2024 15:39:30 - warn: [Scene] 'SystemEvent' is deprecated since v3.4.0, please use 'Input' instead.Error: [Scene] 'SystemEvent' is deprecated since v3.4.0, please use 'Input' instead.
    at warn (/Applications/Cocos/Creator/3.8.2/CocosCreator.app/Contents/Resources/resources/3d/engine/bin/.cache/dev/editor/bundled/index.js:160729:12)
    at warnID (/Applications/Cocos/Creator/3.8.2/CocosCreator.app/Contents/Resources/resources/3d/engine/bin/.cache/dev/editor/bundled/index.js:160911:5)
    at _checkObsoleteByName (/Applications/Cocos/Creator/3.8.2/CocosCreator.app/Contents/Resources/resources/3d/engine/bin/.cache/dev/editor/bundled/index.js:166324:7)
    at __checkObsolete__ (/Applications/Cocos/Creator/3.8.2/CocosCreator.app/Contents/Resources/resources/3d/engine/bin/.cache/dev/editor/bundled/index.js:166343:7)
    at Object.execute (file:///Users/waostudio/Desktop/tx2/temp/programming/packer-driver/targets/editor/chunks/1c/1cbfbf19ae72a2e17f73eea1e52a478143b72af6.js:46:7)
    at doExec (/Applications/Cocos/Creator/3.8.2/CocosCreator.app/Contents/Resources/app.asar/node_modules/@editor/lib-programming/static/executor/systemjs-bridge/out/index.js:517:30)
    at postOrderExec (/Applications/Cocos/Creator/3.8.2/CocosCreator.app/Contents/Resources/app.asar/node_modules/@editor/lib-programming/static/executor/systemjs-bridge/out/index.js:508:21)
3-29-2024 15:41:40 - warn: [Scene] 'SystemEvent' is deprecated since v3.4.0, please use 'Input' instead.Error: [Scene] 'SystemEvent' is deprecated since v3.4.0, please use 'Input' instead.
    at warn (/Applications/Cocos/Creator/3.8.2/CocosCreator.app/Contents/Resources/resources/3d/engine/bin/.cache/dev/editor/bundled/index.js:160729:12)
    at warnID (/Applications/Cocos/Creator/3.8.2/CocosCreator.app/Contents/Resources/resources/3d/engine/bin/.cache/dev/editor/bundled/index.js:160911:5)
    at _checkObsoleteByName (/Applications/Cocos/Creator/3.8.2/CocosCreator.app/Contents/Resources/resources/3d/engine/bin/.cache/dev/editor/bundled/index.js:166324:7)
    at __checkObsolete__ (/Applications/Cocos/Creator/3.8.2/CocosCreator.app/Contents/Resources/resources/3d/engine/bin/.cache/dev/editor/bundled/index.js:166343:7)
    at Object.execute (file:///Users/waostudio/Desktop/tx2/temp/programming/packer-driver/targets/editor/chunks/1c/1cbfbf19ae72a2e17f73eea1e52a478143b72af6.js:46:7)
    at doExec (/Applications/Cocos/Creator/3.8.2/CocosCreator.app/Contents/Resources/app.asar/node_modules/@editor/lib-programming/static/executor/systemjs-bridge/out/index.js:517:30)
    at postOrderExec (/Applications/Cocos/Creator/3.8.2/CocosCreator.app/Contents/Resources/app.asar/node_modules/@editor/lib-programming/static/executor/systemjs-bridge/out/index.js:508:21)
3-29-2024 15:45:10 - warn: [Scene] 'SystemEvent' is deprecated since v3.4.0, please use 'Input' instead.Error: [Scene] 'SystemEvent' is deprecated since v3.4.0, please use 'Input' instead.
    at warn (/Applications/Cocos/Creator/3.8.2/CocosCreator.app/Contents/Resources/resources/3d/engine/bin/.cache/dev/editor/bundled/index.js:160729:12)
    at warnID (/Applications/Cocos/Creator/3.8.2/CocosCreator.app/Contents/Resources/resources/3d/engine/bin/.cache/dev/editor/bundled/index.js:160911:5)
    at _checkObsoleteByName (/Applications/Cocos/Creator/3.8.2/CocosCreator.app/Contents/Resources/resources/3d/engine/bin/.cache/dev/editor/bundled/index.js:166324:7)
    at __checkObsolete__ (/Applications/Cocos/Creator/3.8.2/CocosCreator.app/Contents/Resources/resources/3d/engine/bin/.cache/dev/editor/bundled/index.js:166343:7)
    at Object.execute (file:///Users/waostudio/Desktop/tx2/temp/programming/packer-driver/targets/editor/chunks/1c/1cbfbf19ae72a2e17f73eea1e52a478143b72af6.js:46:7)
    at doExec (/Applications/Cocos/Creator/3.8.2/CocosCreator.app/Contents/Resources/app.asar/node_modules/@editor/lib-programming/static/executor/systemjs-bridge/out/index.js:517:30)
    at postOrderExec (/Applications/Cocos/Creator/3.8.2/CocosCreator.app/Contents/Resources/app.asar/node_modules/@editor/lib-programming/static/executor/systemjs-bridge/out/index.js:508:21)
3-29-2024 16:00:34 - warn: [Scene] 'SystemEvent' is deprecated since v3.4.0, please use 'Input' instead.Error: [Scene] 'SystemEvent' is deprecated since v3.4.0, please use 'Input' instead.
    at warn (/Applications/Cocos/Creator/3.8.2/CocosCreator.app/Contents/Resources/resources/3d/engine/bin/.cache/dev/editor/bundled/index.js:160729:12)
    at warnID (/Applications/Cocos/Creator/3.8.2/CocosCreator.app/Contents/Resources/resources/3d/engine/bin/.cache/dev/editor/bundled/index.js:160911:5)
    at _checkObsoleteByName (/Applications/Cocos/Creator/3.8.2/CocosCreator.app/Contents/Resources/resources/3d/engine/bin/.cache/dev/editor/bundled/index.js:166324:7)
    at __checkObsolete__ (/Applications/Cocos/Creator/3.8.2/CocosCreator.app/Contents/Resources/resources/3d/engine/bin/.cache/dev/editor/bundled/index.js:166343:7)
    at Object.execute (file:///Users/waostudio/Desktop/tx2/temp/programming/packer-driver/targets/editor/chunks/1c/1cbfbf19ae72a2e17f73eea1e52a478143b72af6.js:46:7)
    at doExec (/Applications/Cocos/Creator/3.8.2/CocosCreator.app/Contents/Resources/app.asar/node_modules/@editor/lib-programming/static/executor/systemjs-bridge/out/index.js:517:30)
    at postOrderExec (/Applications/Cocos/Creator/3.8.2/CocosCreator.app/Contents/Resources/app.asar/node_modules/@editor/lib-programming/static/executor/systemjs-bridge/out/index.js:508:21)
3-29-2024 16:19:45 - warn: [Scene] 'SystemEvent' is deprecated since v3.4.0, please use 'Input' instead.Error: [Scene] 'SystemEvent' is deprecated since v3.4.0, please use 'Input' instead.
    at warn (/Applications/Cocos/Creator/3.8.2/CocosCreator.app/Contents/Resources/resources/3d/engine/bin/.cache/dev/editor/bundled/index.js:160729:12)
    at warnID (/Applications/Cocos/Creator/3.8.2/CocosCreator.app/Contents/Resources/resources/3d/engine/bin/.cache/dev/editor/bundled/index.js:160911:5)
    at _checkObsoleteByName (/Applications/Cocos/Creator/3.8.2/CocosCreator.app/Contents/Resources/resources/3d/engine/bin/.cache/dev/editor/bundled/index.js:166324:7)
    at __checkObsolete__ (/Applications/Cocos/Creator/3.8.2/CocosCreator.app/Contents/Resources/resources/3d/engine/bin/.cache/dev/editor/bundled/index.js:166343:7)
    at Object.execute (file:///Users/waostudio/Desktop/tx2/temp/programming/packer-driver/targets/editor/chunks/1c/1cbfbf19ae72a2e17f73eea1e52a478143b72af6.js:46:7)
    at doExec (/Applications/Cocos/Creator/3.8.2/CocosCreator.app/Contents/Resources/app.asar/node_modules/@editor/lib-programming/static/executor/systemjs-bridge/out/index.js:517:30)
    at postOrderExec (/Applications/Cocos/Creator/3.8.2/CocosCreator.app/Contents/Resources/app.asar/node_modules/@editor/lib-programming/static/executor/systemjs-bridge/out/index.js:508:21)
3-29-2024 16:24:42 - warn: [Scene] 'SystemEvent' is deprecated since v3.4.0, please use 'Input' instead.Error: [Scene] 'SystemEvent' is deprecated since v3.4.0, please use 'Input' instead.
    at warn (/Applications/Cocos/Creator/3.8.2/CocosCreator.app/Contents/Resources/resources/3d/engine/bin/.cache/dev/editor/bundled/index.js:160729:12)
    at warnID (/Applications/Cocos/Creator/3.8.2/CocosCreator.app/Contents/Resources/resources/3d/engine/bin/.cache/dev/editor/bundled/index.js:160911:5)
    at _checkObsoleteByName (/Applications/Cocos/Creator/3.8.2/CocosCreator.app/Contents/Resources/resources/3d/engine/bin/.cache/dev/editor/bundled/index.js:166324:7)
    at __checkObsolete__ (/Applications/Cocos/Creator/3.8.2/CocosCreator.app/Contents/Resources/resources/3d/engine/bin/.cache/dev/editor/bundled/index.js:166343:7)
    at Object.execute (file:///Users/waostudio/Desktop/tx2/temp/programming/packer-driver/targets/editor/chunks/1c/1cbfbf19ae72a2e17f73eea1e52a478143b72af6.js:46:7)
    at doExec (/Applications/Cocos/Creator/3.8.2/CocosCreator.app/Contents/Resources/app.asar/node_modules/@editor/lib-programming/static/executor/systemjs-bridge/out/index.js:517:30)
    at postOrderExec (/Applications/Cocos/Creator/3.8.2/CocosCreator.app/Contents/Resources/app.asar/node_modules/@editor/lib-programming/static/executor/systemjs-bridge/out/index.js:508:21)
3-29-2024 16:25:37 - warn: [Scene] 'SystemEvent' is deprecated since v3.4.0, please use 'Input' instead.Error: [Scene] 'SystemEvent' is deprecated since v3.4.0, please use 'Input' instead.
    at warn (/Applications/Cocos/Creator/3.8.2/CocosCreator.app/Contents/Resources/resources/3d/engine/bin/.cache/dev/editor/bundled/index.js:160729:12)
    at warnID (/Applications/Cocos/Creator/3.8.2/CocosCreator.app/Contents/Resources/resources/3d/engine/bin/.cache/dev/editor/bundled/index.js:160911:5)
    at _checkObsoleteByName (/Applications/Cocos/Creator/3.8.2/CocosCreator.app/Contents/Resources/resources/3d/engine/bin/.cache/dev/editor/bundled/index.js:166324:7)
    at __checkObsolete__ (/Applications/Cocos/Creator/3.8.2/CocosCreator.app/Contents/Resources/resources/3d/engine/bin/.cache/dev/editor/bundled/index.js:166343:7)
    at Object.execute (file:///Users/waostudio/Desktop/tx2/temp/programming/packer-driver/targets/editor/chunks/1c/1cbfbf19ae72a2e17f73eea1e52a478143b72af6.js:46:7)
    at doExec (/Applications/Cocos/Creator/3.8.2/CocosCreator.app/Contents/Resources/app.asar/node_modules/@editor/lib-programming/static/executor/systemjs-bridge/out/index.js:517:30)
    at postOrderExec (/Applications/Cocos/Creator/3.8.2/CocosCreator.app/Contents/Resources/app.asar/node_modules/@editor/lib-programming/static/executor/systemjs-bridge/out/index.js:508:21)
3-29-2024 16:32:51 - warn: [Scene] 'SystemEvent' is deprecated since v3.4.0, please use 'Input' instead.Error: [Scene] 'SystemEvent' is deprecated since v3.4.0, please use 'Input' instead.
    at warn (/Applications/Cocos/Creator/3.8.2/CocosCreator.app/Contents/Resources/resources/3d/engine/bin/.cache/dev/editor/bundled/index.js:160729:12)
    at warnID (/Applications/Cocos/Creator/3.8.2/CocosCreator.app/Contents/Resources/resources/3d/engine/bin/.cache/dev/editor/bundled/index.js:160911:5)
    at _checkObsoleteByName (/Applications/Cocos/Creator/3.8.2/CocosCreator.app/Contents/Resources/resources/3d/engine/bin/.cache/dev/editor/bundled/index.js:166324:7)
    at __checkObsolete__ (/Applications/Cocos/Creator/3.8.2/CocosCreator.app/Contents/Resources/resources/3d/engine/bin/.cache/dev/editor/bundled/index.js:166343:7)
    at Object.execute (file:///Users/waostudio/Desktop/tx2/temp/programming/packer-driver/targets/editor/chunks/1c/1cbfbf19ae72a2e17f73eea1e52a478143b72af6.js:46:7)
    at doExec (/Applications/Cocos/Creator/3.8.2/CocosCreator.app/Contents/Resources/app.asar/node_modules/@editor/lib-programming/static/executor/systemjs-bridge/out/index.js:517:30)
    at postOrderExec (/Applications/Cocos/Creator/3.8.2/CocosCreator.app/Contents/Resources/app.asar/node_modules/@editor/lib-programming/static/executor/systemjs-bridge/out/index.js:508:21)
3-29-2024 16:33:29 - warn: [Scene] 'SystemEvent' is deprecated since v3.4.0, please use 'Input' instead.Error: [Scene] 'SystemEvent' is deprecated since v3.4.0, please use 'Input' instead.
    at warn (/Applications/Cocos/Creator/3.8.2/CocosCreator.app/Contents/Resources/resources/3d/engine/bin/.cache/dev/editor/bundled/index.js:160729:12)
    at warnID (/Applications/Cocos/Creator/3.8.2/CocosCreator.app/Contents/Resources/resources/3d/engine/bin/.cache/dev/editor/bundled/index.js:160911:5)
    at _checkObsoleteByName (/Applications/Cocos/Creator/3.8.2/CocosCreator.app/Contents/Resources/resources/3d/engine/bin/.cache/dev/editor/bundled/index.js:166324:7)
    at __checkObsolete__ (/Applications/Cocos/Creator/3.8.2/CocosCreator.app/Contents/Resources/resources/3d/engine/bin/.cache/dev/editor/bundled/index.js:166343:7)
    at Object.execute (file:///Users/waostudio/Desktop/tx2/temp/programming/packer-driver/targets/editor/chunks/1c/1cbfbf19ae72a2e17f73eea1e52a478143b72af6.js:46:7)
    at doExec (/Applications/Cocos/Creator/3.8.2/CocosCreator.app/Contents/Resources/app.asar/node_modules/@editor/lib-programming/static/executor/systemjs-bridge/out/index.js:517:30)
    at postOrderExec (/Applications/Cocos/Creator/3.8.2/CocosCreator.app/Contents/Resources/app.asar/node_modules/@editor/lib-programming/static/executor/systemjs-bridge/out/index.js:508:21)
3-29-2024 17:02:19 - warn: [Scene] 'SystemEvent' is deprecated since v3.4.0, please use 'Input' instead.Error: [Scene] 'SystemEvent' is deprecated since v3.4.0, please use 'Input' instead.
    at warn (/Applications/Cocos/Creator/3.8.2/CocosCreator.app/Contents/Resources/resources/3d/engine/bin/.cache/dev/editor/bundled/index.js:160729:12)
    at warnID (/Applications/Cocos/Creator/3.8.2/CocosCreator.app/Contents/Resources/resources/3d/engine/bin/.cache/dev/editor/bundled/index.js:160911:5)
    at _checkObsoleteByName (/Applications/Cocos/Creator/3.8.2/CocosCreator.app/Contents/Resources/resources/3d/engine/bin/.cache/dev/editor/bundled/index.js:166324:7)
    at __checkObsolete__ (/Applications/Cocos/Creator/3.8.2/CocosCreator.app/Contents/Resources/resources/3d/engine/bin/.cache/dev/editor/bundled/index.js:166343:7)
    at Object.execute (file:///Users/waostudio/Desktop/tx2/temp/programming/packer-driver/targets/editor/chunks/1c/1cbfbf19ae72a2e17f73eea1e52a478143b72af6.js:46:7)
    at doExec (/Applications/Cocos/Creator/3.8.2/CocosCreator.app/Contents/Resources/app.asar/node_modules/@editor/lib-programming/static/executor/systemjs-bridge/out/index.js:517:30)
    at postOrderExec (/Applications/Cocos/Creator/3.8.2/CocosCreator.app/Contents/Resources/app.asar/node_modules/@editor/lib-programming/static/executor/systemjs-bridge/out/index.js:508:21)
3-29-2024 17:02:44 - warn: [Scene] 'SystemEvent' is deprecated since v3.4.0, please use 'Input' instead.Error: [Scene] 'SystemEvent' is deprecated since v3.4.0, please use 'Input' instead.
    at warn (/Applications/Cocos/Creator/3.8.2/CocosCreator.app/Contents/Resources/resources/3d/engine/bin/.cache/dev/editor/bundled/index.js:160729:12)
    at warnID (/Applications/Cocos/Creator/3.8.2/CocosCreator.app/Contents/Resources/resources/3d/engine/bin/.cache/dev/editor/bundled/index.js:160911:5)
    at _checkObsoleteByName (/Applications/Cocos/Creator/3.8.2/CocosCreator.app/Contents/Resources/resources/3d/engine/bin/.cache/dev/editor/bundled/index.js:166324:7)
    at __checkObsolete__ (/Applications/Cocos/Creator/3.8.2/CocosCreator.app/Contents/Resources/resources/3d/engine/bin/.cache/dev/editor/bundled/index.js:166343:7)
    at Object.execute (file:///Users/waostudio/Desktop/tx2/temp/programming/packer-driver/targets/editor/chunks/1c/1cbfbf19ae72a2e17f73eea1e52a478143b72af6.js:46:7)
    at doExec (/Applications/Cocos/Creator/3.8.2/CocosCreator.app/Contents/Resources/app.asar/node_modules/@editor/lib-programming/static/executor/systemjs-bridge/out/index.js:517:30)
    at postOrderExec (/Applications/Cocos/Creator/3.8.2/CocosCreator.app/Contents/Resources/app.asar/node_modules/@editor/lib-programming/static/executor/systemjs-bridge/out/index.js:508:21)
