09:10:41 debug: 4/3/2024, 9:10:41 AM
09:10:41 debug: Project: /Users/waostudio/Desktop/tx2
09:10:41 debug: Targets: editor,preview
09:10:41 debug: Incremental file seems great.
09:10:41 debug: Engine path: /Applications/Cocos/Creator/3.8.2/CocosCreator.app/Contents/Resources/resources/3d/engine
09:10:41 debug: Initializing target [Editor]
09:10:41 debug: Loading cache
09:10:41 debug: Loading cache costs 3.8359590000036405ms.
09:10:41 debug: Engine features shipped in editor: base,gfx-webgl,gfx-webgl2,gfx-empty,3d,animation,skeletal-animation,2d,ui,particle,particle-2d,physics-framework,physics-2d-framework,physics-2d-box2d-wasm,intersection-2d,primitive,profiler,occlusion-query,geometry-renderer,debug-renderer,audio,video,xr,light-probe,terrain,webview,tween,tiled-map,spine,dragon-bones,marionette,procedural-animation,custom-pipeline,websocket,websocket-server
09:10:41 debug: Our import map(foo:/bar): {
  "imports": {
    "cc": "cce:/internal/x/cc"
  }
}
09:10:41 debug: Initializing target [Preview]
09:10:41 debug: Loading cache
09:10:41 debug: Loading cache costs 1.9979590000002645ms.
09:10:41 debug: Our import map(foo:/bar): {
  "imports": {
    "cc": "cce:/internal/x/cc"
  }
}
09:10:41 debug: Sync engine features: 2d,animation,audio,base,dragon-bones,gfx-webgl,gfx-webgl2,intersection-2d,particle-2d,physics-2d-box2d,profiler,spine,tiled-map,tween,ui,video,webview
09:10:41 debug: Reset databases. Enumerated domains: [
  {
    "root": "db://internal/",
    "physical": "/Applications/Cocos/Creator/3.8.2/CocosCreator.app/Contents/Resources/resources/3d/engine/editor/assets"
  },
  {
    "root": "db://assets/",
    "physical": "/Users/waostudio/Desktop/tx2/assets"
  }
]
09:10:41 debug: Our import map(foo:/bar): {
  "imports": {
    "cc": "cce:/internal/x/cc",
    "db://internal/": "file:///Applications/Cocos/Creator/3.8.2/CocosCreator.app/Contents/Resources/resources/3d/engine/editor/assets/",
    "db://assets/": "file:///Users/waostudio/Desktop/tx2/assets/"
  }
}
09:10:41 debug: Our import map(foo:/bar): {
  "imports": {
    "cc": "cce:/internal/x/cc",
    "db://internal/": "file:///Applications/Cocos/Creator/3.8.2/CocosCreator.app/Contents/Resources/resources/3d/engine/editor/assets/",
    "db://assets/": "file:///Users/waostudio/Desktop/tx2/assets/"
  }
}
09:10:41 debug: Pulling asset-db.
09:10:41 debug: Fetch asset-db cost: 8.099583000002895ms.
09:10:41 debug: Build iteration starts.
Number of accumulated asset changes: 5
Feature changed: false
09:10:41 debug: Target(editor) build started.
09:10:41 debug: Detected change: cce:/internal/x/cc. Last mtime: Thu Jan 01 1970 08:00:05 GMT+0800 (Indochina Time), Current mtime: Thu Jan 01 1970 08:00:05 GMT+0800 (Indochina Time)
09:10:41 debug: Inspect cce:/internal/x/cc
09:10:41 debug: Resolve cce:/internal/x/cc-fu/base from cce:/internal/x/cc as external dependency cce:/internal/x/cc-fu/base.
09:10:41 debug: Resolve cce:/internal/x/cc-fu/gfx-webgl from cce:/internal/x/cc as external dependency cce:/internal/x/cc-fu/gfx-webgl.
09:10:41 debug: Resolve cce:/internal/x/cc-fu/gfx-webgl2 from cce:/internal/x/cc as external dependency cce:/internal/x/cc-fu/gfx-webgl2.
09:10:41 debug: Resolve cce:/internal/x/cc-fu/gfx-empty from cce:/internal/x/cc as external dependency cce:/internal/x/cc-fu/gfx-empty.
09:10:41 debug: Resolve cce:/internal/x/cc-fu/3d from cce:/internal/x/cc as external dependency cce:/internal/x/cc-fu/3d.
09:10:41 debug: Resolve cce:/internal/x/cc-fu/animation from cce:/internal/x/cc as external dependency cce:/internal/x/cc-fu/animation.
09:10:41 debug: Resolve cce:/internal/x/cc-fu/skeletal-animation from cce:/internal/x/cc as external dependency cce:/internal/x/cc-fu/skeletal-animation.
09:10:41 debug: Resolve cce:/internal/x/cc-fu/2d from cce:/internal/x/cc as external dependency cce:/internal/x/cc-fu/2d.
09:10:41 debug: Resolve cce:/internal/x/cc-fu/sorting from cce:/internal/x/cc as external dependency cce:/internal/x/cc-fu/sorting.
09:10:41 debug: Resolve cce:/internal/x/cc-fu/ui from cce:/internal/x/cc as external dependency cce:/internal/x/cc-fu/ui.
09:10:41 debug: Resolve cce:/internal/x/cc-fu/particle from cce:/internal/x/cc as external dependency cce:/internal/x/cc-fu/particle.
09:10:41 debug: Resolve cce:/internal/x/cc-fu/particle-2d from cce:/internal/x/cc as external dependency cce:/internal/x/cc-fu/particle-2d.
09:10:41 debug: Resolve cce:/internal/x/cc-fu/physics-framework from cce:/internal/x/cc as external dependency cce:/internal/x/cc-fu/physics-framework.
09:10:41 debug: Resolve cce:/internal/x/cc-fu/physics-2d-framework from cce:/internal/x/cc as external dependency cce:/internal/x/cc-fu/physics-2d-framework.
09:10:41 debug: Resolve cce:/internal/x/cc-fu/physics-2d-box2d-wasm from cce:/internal/x/cc as external dependency cce:/internal/x/cc-fu/physics-2d-box2d-wasm.
09:10:41 debug: Resolve cce:/internal/x/cc-fu/intersection-2d from cce:/internal/x/cc as external dependency cce:/internal/x/cc-fu/intersection-2d.
09:10:41 debug: Resolve cce:/internal/x/cc-fu/primitive from cce:/internal/x/cc as external dependency cce:/internal/x/cc-fu/primitive.
09:10:41 debug: Resolve cce:/internal/x/cc-fu/profiler from cce:/internal/x/cc as external dependency cce:/internal/x/cc-fu/profiler.
09:10:41 debug: Resolve cce:/internal/x/cc-fu/geometry-renderer from cce:/internal/x/cc as external dependency cce:/internal/x/cc-fu/geometry-renderer.
09:10:41 debug: Resolve cce:/internal/x/cc-fu/audio from cce:/internal/x/cc as external dependency cce:/internal/x/cc-fu/audio.
09:10:41 debug: Resolve cce:/internal/x/cc-fu/video from cce:/internal/x/cc as external dependency cce:/internal/x/cc-fu/video.
09:10:41 debug: Resolve cce:/internal/x/cc-fu/xr from cce:/internal/x/cc as external dependency cce:/internal/x/cc-fu/xr.
09:10:41 debug: Resolve cce:/internal/x/cc-fu/light-probe from cce:/internal/x/cc as external dependency cce:/internal/x/cc-fu/light-probe.
09:10:41 debug: Resolve cce:/internal/x/cc-fu/terrain from cce:/internal/x/cc as external dependency cce:/internal/x/cc-fu/terrain.
09:10:41 debug: Resolve cce:/internal/x/cc-fu/webview from cce:/internal/x/cc as external dependency cce:/internal/x/cc-fu/webview.
09:10:41 debug: Resolve cce:/internal/x/cc-fu/tween from cce:/internal/x/cc as external dependency cce:/internal/x/cc-fu/tween.
09:10:41 debug: Resolve cce:/internal/x/cc-fu/tiled-map from cce:/internal/x/cc as external dependency cce:/internal/x/cc-fu/tiled-map.
09:10:41 debug: Resolve cce:/internal/x/cc-fu/spine from cce:/internal/x/cc as external dependency cce:/internal/x/cc-fu/spine.
09:10:41 debug: Resolve cce:/internal/x/cc-fu/dragon-bones from cce:/internal/x/cc as external dependency cce:/internal/x/cc-fu/dragon-bones.
09:10:41 debug: Resolve cce:/internal/x/cc-fu/custom-pipeline from cce:/internal/x/cc as external dependency cce:/internal/x/cc-fu/custom-pipeline.
09:10:41 debug: Detected change: cce:/internal/x/prerequisite-imports. Last mtime: Thu Jan 01 1970 15:39:47 GMT+0800 (Indochina Time), Current mtime: Thu Jan 01 1970 08:00:05 GMT+0800 (Indochina Time)
09:10:41 debug: Inspect cce:/internal/x/prerequisite-imports
09:10:41 debug: Resolve file:///Applications/Cocos/Creator/3.8.2/CocosCreator.app/Contents/Resources/resources/3d/engine/editor/assets/tools/debug-view-runtime-control.ts from cce:/internal/x/prerequisite-imports as file:///Applications/Cocos/Creator/3.8.2/CocosCreator.app/Contents/Resources/resources/3d/engine/editor/assets/tools/debug-view-runtime-control.ts.
09:10:41 debug: Resolve cc from file:///Applications/Cocos/Creator/3.8.2/CocosCreator.app/Contents/Resources/resources/3d/engine/editor/assets/tools/debug-view-runtime-control.ts as cce:/internal/x/cc.
09:10:41 debug: Resolve cc from file:///Applications/Cocos/Creator/3.8.2/CocosCreator.app/Contents/Resources/resources/3d/engine/editor/assets/tools/debug-view-runtime-control.ts as cce:/internal/x/cc.
09:10:41 debug: Resolve cc from file:///Applications/Cocos/Creator/3.8.2/CocosCreator.app/Contents/Resources/resources/3d/engine/editor/assets/tools/debug-view-runtime-control.ts as cce:/internal/x/cc.
09:10:41 debug: Resolve file:///Users/waostudio/Desktop/tx2/assets/Scripts/Audio/AudioController.ts from cce:/internal/x/prerequisite-imports as file:///Users/waostudio/Desktop/tx2/assets/Scripts/Audio/AudioController.ts.
09:10:41 debug: Resolve cc from file:///Users/waostudio/Desktop/tx2/assets/Scripts/Audio/AudioController.ts as cce:/internal/x/cc.
09:10:41 debug: Resolve cc from file:///Users/waostudio/Desktop/tx2/assets/Scripts/Audio/AudioController.ts as cce:/internal/x/cc.
09:10:41 debug: Resolve cc from file:///Users/waostudio/Desktop/tx2/assets/Scripts/Audio/AudioController.ts as cce:/internal/x/cc.
09:10:41 debug: Resolve file:///Users/waostudio/Desktop/tx2/assets/Scripts/Data/Constant.ts from cce:/internal/x/prerequisite-imports as file:///Users/waostudio/Desktop/tx2/assets/Scripts/Data/Constant.ts.
09:10:41 debug: Resolve cc from file:///Users/waostudio/Desktop/tx2/assets/Scripts/Data/Constant.ts as cce:/internal/x/cc.
09:10:41 debug: Resolve cc from file:///Users/waostudio/Desktop/tx2/assets/Scripts/Data/Constant.ts as cce:/internal/x/cc.
09:10:41 debug: Resolve cc from file:///Users/waostudio/Desktop/tx2/assets/Scripts/Data/Constant.ts as cce:/internal/x/cc.
09:10:41 debug: Resolve file:///Users/waostudio/Desktop/tx2/assets/Scripts/GameCenter.ts from cce:/internal/x/prerequisite-imports as file:///Users/waostudio/Desktop/tx2/assets/Scripts/GameCenter.ts.
09:10:41 debug: Resolve cc from file:///Users/waostudio/Desktop/tx2/assets/Scripts/GameCenter.ts as cce:/internal/x/cc.
09:10:41 debug: Resolve cc from file:///Users/waostudio/Desktop/tx2/assets/Scripts/GameCenter.ts as cce:/internal/x/cc.
09:10:41 debug: Resolve cc from file:///Users/waostudio/Desktop/tx2/assets/Scripts/GameCenter.ts as cce:/internal/x/cc.
09:10:41 debug: Resolve file:///Users/waostudio/Desktop/tx2/assets/Scripts/GameController.ts from cce:/internal/x/prerequisite-imports as file:///Users/waostudio/Desktop/tx2/assets/Scripts/GameController.ts.
09:10:41 debug: Detected change: file:///Users/waostudio/Desktop/tx2/assets/Scripts/GameController.ts. Last mtime: Tue Apr 02 2024 17:12:23 GMT+0700 (Indochina Time)@d55873ea-1e98-4bc2-9725-8e32c3f4005a, Current mtime: Tue Apr 02 2024 18:19:48 GMT+0700 (Indochina Time)@d55873ea-1e98-4bc2-9725-8e32c3f4005a
09:10:41 debug: Inspect file:///Users/waostudio/Desktop/tx2/assets/Scripts/GameController.ts
09:10:41 debug: Resolve cce:/internal/code-quality/cr.mjs from file:///Users/waostudio/Desktop/tx2/assets/Scripts/GameController.ts as cce:/internal/code-quality/cr.mjs.
09:10:41 debug: Detected change: cce:/internal/code-quality/cr.mjs. Last mtime: Tue Apr 02 2024 09:32:36 GMT+0700 (Indochina Time), Current mtime: Wed Apr 03 2024 09:10:35 GMT+0700 (Indochina Time)
09:10:41 debug: Inspect cce:/internal/code-quality/cr.mjs
09:10:41 debug: Resolve cc from file:///Users/waostudio/Desktop/tx2/assets/Scripts/GameController.ts as cce:/internal/x/cc.
09:10:41 debug: Resolve cc from file:///Users/waostudio/Desktop/tx2/assets/Scripts/GameController.ts as cce:/internal/x/cc.
09:10:41 debug: Resolve cc from file:///Users/waostudio/Desktop/tx2/assets/Scripts/GameController.ts as cce:/internal/x/cc.
09:10:41 debug: Resolve ./Audio/AudioController from file:///Users/waostudio/Desktop/tx2/assets/Scripts/GameController.ts as file:///Users/waostudio/Desktop/tx2/assets/Scripts/Audio/AudioController.ts.
09:10:41 debug: Target(editor) ends with cost 360.8816669999942ms.
09:10:41 debug: Target(preview) build started.
09:10:41 debug: Detected change: cce:/internal/x/cc. Last mtime: Thu Jan 01 1970 08:00:05 GMT+0800 (Indochina Time), Current mtime: Thu Jan 01 1970 08:00:05 GMT+0800 (Indochina Time)
09:10:41 debug: Inspect cce:/internal/x/cc
09:10:41 debug: Resolve cce:/internal/x/cc-fu/2d from cce:/internal/x/cc as external dependency cce:/internal/x/cc-fu/2d.
09:10:41 debug: Resolve cce:/internal/x/cc-fu/sorting from cce:/internal/x/cc as external dependency cce:/internal/x/cc-fu/sorting.
09:10:41 debug: Resolve cce:/internal/x/cc-fu/animation from cce:/internal/x/cc as external dependency cce:/internal/x/cc-fu/animation.
09:10:41 debug: Resolve cce:/internal/x/cc-fu/audio from cce:/internal/x/cc as external dependency cce:/internal/x/cc-fu/audio.
09:10:41 debug: Resolve cce:/internal/x/cc-fu/base from cce:/internal/x/cc as external dependency cce:/internal/x/cc-fu/base.
09:10:41 debug: Resolve cce:/internal/x/cc-fu/dragon-bones from cce:/internal/x/cc as external dependency cce:/internal/x/cc-fu/dragon-bones.
09:10:41 debug: Resolve cce:/internal/x/cc-fu/gfx-webgl from cce:/internal/x/cc as external dependency cce:/internal/x/cc-fu/gfx-webgl.
09:10:41 debug: Resolve cce:/internal/x/cc-fu/gfx-webgl2 from cce:/internal/x/cc as external dependency cce:/internal/x/cc-fu/gfx-webgl2.
09:10:41 debug: Resolve cce:/internal/x/cc-fu/intersection-2d from cce:/internal/x/cc as external dependency cce:/internal/x/cc-fu/intersection-2d.
09:10:41 debug: Resolve cce:/internal/x/cc-fu/particle-2d from cce:/internal/x/cc as external dependency cce:/internal/x/cc-fu/particle-2d.
09:10:41 debug: Resolve cce:/internal/x/cc-fu/physics-2d-box2d from cce:/internal/x/cc as external dependency cce:/internal/x/cc-fu/physics-2d-box2d.
09:10:41 debug: Resolve cce:/internal/x/cc-fu/physics-2d-framework from cce:/internal/x/cc as external dependency cce:/internal/x/cc-fu/physics-2d-framework.
09:10:41 debug: Resolve cce:/internal/x/cc-fu/profiler from cce:/internal/x/cc as external dependency cce:/internal/x/cc-fu/profiler.
09:10:41 debug: Resolve cce:/internal/x/cc-fu/spine from cce:/internal/x/cc as external dependency cce:/internal/x/cc-fu/spine.
09:10:41 debug: Resolve cce:/internal/x/cc-fu/tiled-map from cce:/internal/x/cc as external dependency cce:/internal/x/cc-fu/tiled-map.
09:10:41 debug: Resolve cce:/internal/x/cc-fu/tween from cce:/internal/x/cc as external dependency cce:/internal/x/cc-fu/tween.
09:10:41 debug: Resolve cce:/internal/x/cc-fu/ui from cce:/internal/x/cc as external dependency cce:/internal/x/cc-fu/ui.
09:10:41 debug: Resolve cce:/internal/x/cc-fu/video from cce:/internal/x/cc as external dependency cce:/internal/x/cc-fu/video.
09:10:41 debug: Resolve cce:/internal/x/cc-fu/webview from cce:/internal/x/cc as external dependency cce:/internal/x/cc-fu/webview.
09:10:41 debug: Detected change: cce:/internal/x/prerequisite-imports. Last mtime: Thu Jan 01 1970 15:39:47 GMT+0800 (Indochina Time), Current mtime: Thu Jan 01 1970 08:00:06 GMT+0800 (Indochina Time)
09:10:41 debug: Inspect cce:/internal/x/prerequisite-imports
09:10:41 debug: Resolve file:///Applications/Cocos/Creator/3.8.2/CocosCreator.app/Contents/Resources/resources/3d/engine/editor/assets/tools/debug-view-runtime-control.ts from cce:/internal/x/prerequisite-imports as file:///Applications/Cocos/Creator/3.8.2/CocosCreator.app/Contents/Resources/resources/3d/engine/editor/assets/tools/debug-view-runtime-control.ts.
09:10:41 debug: Resolve cc from file:///Applications/Cocos/Creator/3.8.2/CocosCreator.app/Contents/Resources/resources/3d/engine/editor/assets/tools/debug-view-runtime-control.ts as cce:/internal/x/cc.
09:10:41 debug: Resolve cc from file:///Applications/Cocos/Creator/3.8.2/CocosCreator.app/Contents/Resources/resources/3d/engine/editor/assets/tools/debug-view-runtime-control.ts as cce:/internal/x/cc.
09:10:41 debug: Resolve cc from file:///Applications/Cocos/Creator/3.8.2/CocosCreator.app/Contents/Resources/resources/3d/engine/editor/assets/tools/debug-view-runtime-control.ts as cce:/internal/x/cc.
09:10:41 debug: Resolve file:///Users/waostudio/Desktop/tx2/assets/Scripts/Audio/AudioController.ts from cce:/internal/x/prerequisite-imports as file:///Users/waostudio/Desktop/tx2/assets/Scripts/Audio/AudioController.ts.
09:10:41 debug: Resolve cc from file:///Users/waostudio/Desktop/tx2/assets/Scripts/Audio/AudioController.ts as cce:/internal/x/cc.
09:10:41 debug: Resolve cc from file:///Users/waostudio/Desktop/tx2/assets/Scripts/Audio/AudioController.ts as cce:/internal/x/cc.
09:10:41 debug: Resolve cc from file:///Users/waostudio/Desktop/tx2/assets/Scripts/Audio/AudioController.ts as cce:/internal/x/cc.
09:10:41 debug: Resolve file:///Users/waostudio/Desktop/tx2/assets/Scripts/Data/Constant.ts from cce:/internal/x/prerequisite-imports as file:///Users/waostudio/Desktop/tx2/assets/Scripts/Data/Constant.ts.
09:10:41 debug: Resolve cc from file:///Users/waostudio/Desktop/tx2/assets/Scripts/Data/Constant.ts as cce:/internal/x/cc.
09:10:41 debug: Resolve cc from file:///Users/waostudio/Desktop/tx2/assets/Scripts/Data/Constant.ts as cce:/internal/x/cc.
09:10:41 debug: Resolve cc from file:///Users/waostudio/Desktop/tx2/assets/Scripts/Data/Constant.ts as cce:/internal/x/cc.
09:10:41 debug: Resolve file:///Users/waostudio/Desktop/tx2/assets/Scripts/GameCenter.ts from cce:/internal/x/prerequisite-imports as file:///Users/waostudio/Desktop/tx2/assets/Scripts/GameCenter.ts.
09:10:41 debug: Resolve cc from file:///Users/waostudio/Desktop/tx2/assets/Scripts/GameCenter.ts as cce:/internal/x/cc.
09:10:41 debug: Resolve cc from file:///Users/waostudio/Desktop/tx2/assets/Scripts/GameCenter.ts as cce:/internal/x/cc.
09:10:41 debug: Resolve cc from file:///Users/waostudio/Desktop/tx2/assets/Scripts/GameCenter.ts as cce:/internal/x/cc.
09:10:41 debug: Resolve file:///Users/waostudio/Desktop/tx2/assets/Scripts/GameController.ts from cce:/internal/x/prerequisite-imports as file:///Users/waostudio/Desktop/tx2/assets/Scripts/GameController.ts.
09:10:41 debug: Detected change: file:///Users/waostudio/Desktop/tx2/assets/Scripts/GameController.ts. Last mtime: Tue Apr 02 2024 17:12:23 GMT+0700 (Indochina Time)@d55873ea-1e98-4bc2-9725-8e32c3f4005a, Current mtime: Tue Apr 02 2024 18:19:48 GMT+0700 (Indochina Time)@d55873ea-1e98-4bc2-9725-8e32c3f4005a
09:10:41 debug: Inspect file:///Users/waostudio/Desktop/tx2/assets/Scripts/GameController.ts
09:10:42 debug: Resolve cce:/internal/code-quality/cr.mjs from file:///Users/waostudio/Desktop/tx2/assets/Scripts/GameController.ts as cce:/internal/code-quality/cr.mjs.
09:10:42 debug: Detected change: cce:/internal/code-quality/cr.mjs. Last mtime: Tue Apr 02 2024 09:32:36 GMT+0700 (Indochina Time), Current mtime: Wed Apr 03 2024 09:10:35 GMT+0700 (Indochina Time)
09:10:42 debug: Inspect cce:/internal/code-quality/cr.mjs
09:10:42 debug: Resolve cc from file:///Users/waostudio/Desktop/tx2/assets/Scripts/GameController.ts as cce:/internal/x/cc.
09:10:42 debug: Resolve cc from file:///Users/waostudio/Desktop/tx2/assets/Scripts/GameController.ts as cce:/internal/x/cc.
09:10:42 debug: Resolve cc from file:///Users/waostudio/Desktop/tx2/assets/Scripts/GameController.ts as cce:/internal/x/cc.
09:10:42 debug: Resolve ./Audio/AudioController from file:///Users/waostudio/Desktop/tx2/assets/Scripts/GameController.ts as file:///Users/waostudio/Desktop/tx2/assets/Scripts/Audio/AudioController.ts.
09:10:42 debug: Target(preview) ends with cost 269.4689999999973ms.
09:10:42 debug: Pulling asset-db.
09:10:42 debug: Fetch asset-db cost: 334.3783340000082ms.
09:10:42 debug: Build iteration starts.
Number of accumulated asset changes: 5
Feature changed: false
09:10:42 debug: Target(editor) build started.
09:10:42 debug: Detected change: cce:/internal/x/prerequisite-imports. Last mtime: Thu Jan 01 1970 08:00:05 GMT+0800 (Indochina Time), Current mtime: Thu Jan 01 1970 08:00:06 GMT+0800 (Indochina Time)
09:10:42 debug: Inspect cce:/internal/x/prerequisite-imports
09:10:42 debug: Resolve file:///Applications/Cocos/Creator/3.8.2/CocosCreator.app/Contents/Resources/resources/3d/engine/editor/assets/tools/debug-view-runtime-control.ts from cce:/internal/x/prerequisite-imports as file:///Applications/Cocos/Creator/3.8.2/CocosCreator.app/Contents/Resources/resources/3d/engine/editor/assets/tools/debug-view-runtime-control.ts.
09:10:42 debug: Resolve file:///Users/waostudio/Desktop/tx2/assets/Scripts/Audio/AudioController.ts from cce:/internal/x/prerequisite-imports as file:///Users/waostudio/Desktop/tx2/assets/Scripts/Audio/AudioController.ts.
09:10:42 debug: Resolve file:///Users/waostudio/Desktop/tx2/assets/Scripts/Data/Constant.ts from cce:/internal/x/prerequisite-imports as file:///Users/waostudio/Desktop/tx2/assets/Scripts/Data/Constant.ts.
09:10:42 debug: Resolve file:///Users/waostudio/Desktop/tx2/assets/Scripts/GameCenter.ts from cce:/internal/x/prerequisite-imports as file:///Users/waostudio/Desktop/tx2/assets/Scripts/GameCenter.ts.
09:10:42 debug: Resolve file:///Users/waostudio/Desktop/tx2/assets/Scripts/GameController.ts from cce:/internal/x/prerequisite-imports as file:///Users/waostudio/Desktop/tx2/assets/Scripts/GameController.ts.
09:10:42 debug: Target(editor) ends with cost 16.140375000002678ms.
09:10:42 debug: Target(preview) build started.
09:10:42 debug: Detected change: cce:/internal/x/prerequisite-imports. Last mtime: Thu Jan 01 1970 08:00:06 GMT+0800 (Indochina Time), Current mtime: Thu Jan 01 1970 08:00:07 GMT+0800 (Indochina Time)
09:10:42 debug: Inspect cce:/internal/x/prerequisite-imports
09:10:42 debug: Resolve file:///Applications/Cocos/Creator/3.8.2/CocosCreator.app/Contents/Resources/resources/3d/engine/editor/assets/tools/debug-view-runtime-control.ts from cce:/internal/x/prerequisite-imports as file:///Applications/Cocos/Creator/3.8.2/CocosCreator.app/Contents/Resources/resources/3d/engine/editor/assets/tools/debug-view-runtime-control.ts.
09:10:42 debug: Resolve file:///Users/waostudio/Desktop/tx2/assets/Scripts/Audio/AudioController.ts from cce:/internal/x/prerequisite-imports as file:///Users/waostudio/Desktop/tx2/assets/Scripts/Audio/AudioController.ts.
09:10:42 debug: Resolve file:///Users/waostudio/Desktop/tx2/assets/Scripts/Data/Constant.ts from cce:/internal/x/prerequisite-imports as file:///Users/waostudio/Desktop/tx2/assets/Scripts/Data/Constant.ts.
09:10:42 debug: Resolve file:///Users/waostudio/Desktop/tx2/assets/Scripts/GameCenter.ts from cce:/internal/x/prerequisite-imports as file:///Users/waostudio/Desktop/tx2/assets/Scripts/GameCenter.ts.
09:10:42 debug: Resolve file:///Users/waostudio/Desktop/tx2/assets/Scripts/GameController.ts from cce:/internal/x/prerequisite-imports as file:///Users/waostudio/Desktop/tx2/assets/Scripts/GameController.ts.
09:10:42 debug: Target(preview) ends with cost 18.065250000014203ms.
09:36:51 debug: Dispatch build request for time accumulated 1 asset changes.
09:36:51 debug: Build iteration starts.
Number of accumulated asset changes: 1
Feature changed: false
09:36:51 debug: Target(editor) build started.
09:36:51 debug: Detected change: cce:/internal/x/prerequisite-imports. Last mtime: Thu Jan 01 1970 08:00:06 GMT+0800 (Indochina Time), Current mtime: Thu Jan 01 1970 08:26:15 GMT+0800 (Indochina Time)
09:36:51 debug: Inspect cce:/internal/x/prerequisite-imports
09:36:51 debug: Resolve file:///Applications/Cocos/Creator/3.8.2/CocosCreator.app/Contents/Resources/resources/3d/engine/editor/assets/tools/debug-view-runtime-control.ts from cce:/internal/x/prerequisite-imports as file:///Applications/Cocos/Creator/3.8.2/CocosCreator.app/Contents/Resources/resources/3d/engine/editor/assets/tools/debug-view-runtime-control.ts.
09:36:51 debug: Resolve file:///Users/waostudio/Desktop/tx2/assets/Scripts/Audio/AudioController.ts from cce:/internal/x/prerequisite-imports as file:///Users/waostudio/Desktop/tx2/assets/Scripts/Audio/AudioController.ts.
09:36:51 debug: Resolve file:///Users/waostudio/Desktop/tx2/assets/Scripts/Data/Constant.ts from cce:/internal/x/prerequisite-imports as file:///Users/waostudio/Desktop/tx2/assets/Scripts/Data/Constant.ts.
09:36:51 debug: Resolve file:///Users/waostudio/Desktop/tx2/assets/Scripts/GameCenter.ts from cce:/internal/x/prerequisite-imports as file:///Users/waostudio/Desktop/tx2/assets/Scripts/GameCenter.ts.
09:36:51 debug: Resolve file:///Users/waostudio/Desktop/tx2/assets/Scripts/GameController.ts from cce:/internal/x/prerequisite-imports as file:///Users/waostudio/Desktop/tx2/assets/Scripts/GameController.ts.
09:36:51 debug: Detected change: file:///Users/waostudio/Desktop/tx2/assets/Scripts/GameController.ts. Last mtime: Tue Apr 02 2024 18:19:48 GMT+0700 (Indochina Time)@d55873ea-1e98-4bc2-9725-8e32c3f4005a, Current mtime: Wed Apr 03 2024 09:36:48 GMT+0700 (Indochina Time)@d55873ea-1e98-4bc2-9725-8e32c3f4005a
09:36:51 debug: Inspect file:///Users/waostudio/Desktop/tx2/assets/Scripts/GameController.ts
09:36:51 debug: Resolve cce:/internal/code-quality/cr.mjs from file:///Users/waostudio/Desktop/tx2/assets/Scripts/GameController.ts as cce:/internal/code-quality/cr.mjs.
09:36:51 debug: Resolve cc from file:///Users/waostudio/Desktop/tx2/assets/Scripts/GameController.ts as cce:/internal/x/cc.
09:36:51 debug: Resolve cc from file:///Users/waostudio/Desktop/tx2/assets/Scripts/GameController.ts as cce:/internal/x/cc.
09:36:51 debug: Resolve cc from file:///Users/waostudio/Desktop/tx2/assets/Scripts/GameController.ts as cce:/internal/x/cc.
09:36:51 debug: Resolve ./Audio/AudioController from file:///Users/waostudio/Desktop/tx2/assets/Scripts/GameController.ts as file:///Users/waostudio/Desktop/tx2/assets/Scripts/Audio/AudioController.ts.
09:36:51 debug: Target(editor) ends with cost 279.35504200006835ms.
09:36:51 debug: Target(preview) build started.
09:36:51 debug: Detected change: cce:/internal/x/prerequisite-imports. Last mtime: Thu Jan 01 1970 08:00:07 GMT+0800 (Indochina Time), Current mtime: Thu Jan 01 1970 08:26:15 GMT+0800 (Indochina Time)
09:36:51 debug: Inspect cce:/internal/x/prerequisite-imports
09:36:51 debug: Resolve file:///Applications/Cocos/Creator/3.8.2/CocosCreator.app/Contents/Resources/resources/3d/engine/editor/assets/tools/debug-view-runtime-control.ts from cce:/internal/x/prerequisite-imports as file:///Applications/Cocos/Creator/3.8.2/CocosCreator.app/Contents/Resources/resources/3d/engine/editor/assets/tools/debug-view-runtime-control.ts.
09:36:51 debug: Resolve file:///Users/waostudio/Desktop/tx2/assets/Scripts/Audio/AudioController.ts from cce:/internal/x/prerequisite-imports as file:///Users/waostudio/Desktop/tx2/assets/Scripts/Audio/AudioController.ts.
09:36:51 debug: Resolve file:///Users/waostudio/Desktop/tx2/assets/Scripts/Data/Constant.ts from cce:/internal/x/prerequisite-imports as file:///Users/waostudio/Desktop/tx2/assets/Scripts/Data/Constant.ts.
09:36:51 debug: Resolve file:///Users/waostudio/Desktop/tx2/assets/Scripts/GameCenter.ts from cce:/internal/x/prerequisite-imports as file:///Users/waostudio/Desktop/tx2/assets/Scripts/GameCenter.ts.
09:36:51 debug: Resolve file:///Users/waostudio/Desktop/tx2/assets/Scripts/GameController.ts from cce:/internal/x/prerequisite-imports as file:///Users/waostudio/Desktop/tx2/assets/Scripts/GameController.ts.
09:36:51 debug: Detected change: file:///Users/waostudio/Desktop/tx2/assets/Scripts/GameController.ts. Last mtime: Tue Apr 02 2024 18:19:48 GMT+0700 (Indochina Time)@d55873ea-1e98-4bc2-9725-8e32c3f4005a, Current mtime: Wed Apr 03 2024 09:36:48 GMT+0700 (Indochina Time)@d55873ea-1e98-4bc2-9725-8e32c3f4005a
09:36:51 debug: Inspect file:///Users/waostudio/Desktop/tx2/assets/Scripts/GameController.ts
09:36:51 debug: Resolve cce:/internal/code-quality/cr.mjs from file:///Users/waostudio/Desktop/tx2/assets/Scripts/GameController.ts as cce:/internal/code-quality/cr.mjs.
09:36:51 debug: Resolve cc from file:///Users/waostudio/Desktop/tx2/assets/Scripts/GameController.ts as cce:/internal/x/cc.
09:36:51 debug: Resolve cc from file:///Users/waostudio/Desktop/tx2/assets/Scripts/GameController.ts as cce:/internal/x/cc.
09:36:51 debug: Resolve cc from file:///Users/waostudio/Desktop/tx2/assets/Scripts/GameController.ts as cce:/internal/x/cc.
09:36:51 debug: Resolve ./Audio/AudioController from file:///Users/waostudio/Desktop/tx2/assets/Scripts/GameController.ts as file:///Users/waostudio/Desktop/tx2/assets/Scripts/Audio/AudioController.ts.
09:36:51 debug: Target(preview) ends with cost 202.580333000049ms.
09:38:11 debug: Dispatch build request for time accumulated 1 asset changes.
09:38:11 debug: Build iteration starts.
Number of accumulated asset changes: 1
Feature changed: false
09:38:11 debug: Target(editor) build started.
09:38:11 debug: Detected change: cce:/internal/x/prerequisite-imports. Last mtime: Thu Jan 01 1970 08:26:15 GMT+0800 (Indochina Time), Current mtime: Thu Jan 01 1970 08:27:35 GMT+0800 (Indochina Time)
09:38:11 debug: Inspect cce:/internal/x/prerequisite-imports
09:38:11 debug: Resolve file:///Applications/Cocos/Creator/3.8.2/CocosCreator.app/Contents/Resources/resources/3d/engine/editor/assets/tools/debug-view-runtime-control.ts from cce:/internal/x/prerequisite-imports as file:///Applications/Cocos/Creator/3.8.2/CocosCreator.app/Contents/Resources/resources/3d/engine/editor/assets/tools/debug-view-runtime-control.ts.
09:38:11 debug: Resolve file:///Users/waostudio/Desktop/tx2/assets/Scripts/Audio/AudioController.ts from cce:/internal/x/prerequisite-imports as file:///Users/waostudio/Desktop/tx2/assets/Scripts/Audio/AudioController.ts.
09:38:11 debug: Resolve file:///Users/waostudio/Desktop/tx2/assets/Scripts/Data/Constant.ts from cce:/internal/x/prerequisite-imports as file:///Users/waostudio/Desktop/tx2/assets/Scripts/Data/Constant.ts.
09:38:11 debug: Resolve file:///Users/waostudio/Desktop/tx2/assets/Scripts/GameCenter.ts from cce:/internal/x/prerequisite-imports as file:///Users/waostudio/Desktop/tx2/assets/Scripts/GameCenter.ts.
09:38:11 debug: Resolve file:///Users/waostudio/Desktop/tx2/assets/Scripts/GameController.ts from cce:/internal/x/prerequisite-imports as file:///Users/waostudio/Desktop/tx2/assets/Scripts/GameController.ts.
09:38:11 debug: Detected change: file:///Users/waostudio/Desktop/tx2/assets/Scripts/GameController.ts. Last mtime: Wed Apr 03 2024 09:36:48 GMT+0700 (Indochina Time)@d55873ea-1e98-4bc2-9725-8e32c3f4005a, Current mtime: Wed Apr 03 2024 09:38:09 GMT+0700 (Indochina Time)@d55873ea-1e98-4bc2-9725-8e32c3f4005a
09:38:11 debug: Inspect file:///Users/waostudio/Desktop/tx2/assets/Scripts/GameController.ts
09:38:11 debug: Resolve cce:/internal/code-quality/cr.mjs from file:///Users/waostudio/Desktop/tx2/assets/Scripts/GameController.ts as cce:/internal/code-quality/cr.mjs.
09:38:11 debug: Resolve cc from file:///Users/waostudio/Desktop/tx2/assets/Scripts/GameController.ts as cce:/internal/x/cc.
09:38:11 debug: Resolve cc from file:///Users/waostudio/Desktop/tx2/assets/Scripts/GameController.ts as cce:/internal/x/cc.
09:38:11 debug: Resolve cc from file:///Users/waostudio/Desktop/tx2/assets/Scripts/GameController.ts as cce:/internal/x/cc.
09:38:11 debug: Resolve ./Audio/AudioController from file:///Users/waostudio/Desktop/tx2/assets/Scripts/GameController.ts as file:///Users/waostudio/Desktop/tx2/assets/Scripts/Audio/AudioController.ts.
09:38:11 debug: Target(editor) ends with cost 195.13312500016764ms.
09:38:11 debug: Target(preview) build started.
09:38:11 debug: Detected change: cce:/internal/x/prerequisite-imports. Last mtime: Thu Jan 01 1970 08:26:15 GMT+0800 (Indochina Time), Current mtime: Thu Jan 01 1970 08:27:35 GMT+0800 (Indochina Time)
09:38:11 debug: Inspect cce:/internal/x/prerequisite-imports
09:38:11 debug: Resolve file:///Applications/Cocos/Creator/3.8.2/CocosCreator.app/Contents/Resources/resources/3d/engine/editor/assets/tools/debug-view-runtime-control.ts from cce:/internal/x/prerequisite-imports as file:///Applications/Cocos/Creator/3.8.2/CocosCreator.app/Contents/Resources/resources/3d/engine/editor/assets/tools/debug-view-runtime-control.ts.
09:38:11 debug: Resolve file:///Users/waostudio/Desktop/tx2/assets/Scripts/Audio/AudioController.ts from cce:/internal/x/prerequisite-imports as file:///Users/waostudio/Desktop/tx2/assets/Scripts/Audio/AudioController.ts.
09:38:11 debug: Resolve file:///Users/waostudio/Desktop/tx2/assets/Scripts/Data/Constant.ts from cce:/internal/x/prerequisite-imports as file:///Users/waostudio/Desktop/tx2/assets/Scripts/Data/Constant.ts.
09:38:11 debug: Resolve file:///Users/waostudio/Desktop/tx2/assets/Scripts/GameCenter.ts from cce:/internal/x/prerequisite-imports as file:///Users/waostudio/Desktop/tx2/assets/Scripts/GameCenter.ts.
09:38:11 debug: Resolve file:///Users/waostudio/Desktop/tx2/assets/Scripts/GameController.ts from cce:/internal/x/prerequisite-imports as file:///Users/waostudio/Desktop/tx2/assets/Scripts/GameController.ts.
09:38:11 debug: Detected change: file:///Users/waostudio/Desktop/tx2/assets/Scripts/GameController.ts. Last mtime: Wed Apr 03 2024 09:36:48 GMT+0700 (Indochina Time)@d55873ea-1e98-4bc2-9725-8e32c3f4005a, Current mtime: Wed Apr 03 2024 09:38:09 GMT+0700 (Indochina Time)@d55873ea-1e98-4bc2-9725-8e32c3f4005a
09:38:11 debug: Inspect file:///Users/waostudio/Desktop/tx2/assets/Scripts/GameController.ts
09:38:11 debug: Resolve cce:/internal/code-quality/cr.mjs from file:///Users/waostudio/Desktop/tx2/assets/Scripts/GameController.ts as cce:/internal/code-quality/cr.mjs.
09:38:11 debug: Resolve cc from file:///Users/waostudio/Desktop/tx2/assets/Scripts/GameController.ts as cce:/internal/x/cc.
09:38:11 debug: Resolve cc from file:///Users/waostudio/Desktop/tx2/assets/Scripts/GameController.ts as cce:/internal/x/cc.
09:38:11 debug: Resolve cc from file:///Users/waostudio/Desktop/tx2/assets/Scripts/GameController.ts as cce:/internal/x/cc.
09:38:11 debug: Resolve ./Audio/AudioController from file:///Users/waostudio/Desktop/tx2/assets/Scripts/GameController.ts as file:///Users/waostudio/Desktop/tx2/assets/Scripts/Audio/AudioController.ts.
09:38:11 debug: Target(preview) ends with cost 175.25558399991132ms.
09:53:52 debug: Dispatch build request for time accumulated 1 asset changes.
09:53:52 debug: Build iteration starts.
Number of accumulated asset changes: 1
Feature changed: false
09:53:52 debug: Target(editor) build started.
09:53:52 debug: Detected change: cce:/internal/x/prerequisite-imports. Last mtime: Thu Jan 01 1970 08:27:35 GMT+0800 (Indochina Time), Current mtime: Thu Jan 01 1970 08:43:16 GMT+0800 (Indochina Time)
09:53:52 debug: Inspect cce:/internal/x/prerequisite-imports
09:53:52 debug: Resolve file:///Applications/Cocos/Creator/3.8.2/CocosCreator.app/Contents/Resources/resources/3d/engine/editor/assets/tools/debug-view-runtime-control.ts from cce:/internal/x/prerequisite-imports as file:///Applications/Cocos/Creator/3.8.2/CocosCreator.app/Contents/Resources/resources/3d/engine/editor/assets/tools/debug-view-runtime-control.ts.
09:53:52 debug: Resolve file:///Users/waostudio/Desktop/tx2/assets/Scripts/Audio/AudioController.ts from cce:/internal/x/prerequisite-imports as file:///Users/waostudio/Desktop/tx2/assets/Scripts/Audio/AudioController.ts.
09:53:52 debug: Resolve file:///Users/waostudio/Desktop/tx2/assets/Scripts/Data/Constant.ts from cce:/internal/x/prerequisite-imports as file:///Users/waostudio/Desktop/tx2/assets/Scripts/Data/Constant.ts.
09:53:52 debug: Resolve file:///Users/waostudio/Desktop/tx2/assets/Scripts/GameCenter.ts from cce:/internal/x/prerequisite-imports as file:///Users/waostudio/Desktop/tx2/assets/Scripts/GameCenter.ts.
09:53:52 debug: Resolve file:///Users/waostudio/Desktop/tx2/assets/Scripts/GameController.ts from cce:/internal/x/prerequisite-imports as file:///Users/waostudio/Desktop/tx2/assets/Scripts/GameController.ts.
09:53:52 debug: Detected change: file:///Users/waostudio/Desktop/tx2/assets/Scripts/GameController.ts. Last mtime: Wed Apr 03 2024 09:38:09 GMT+0700 (Indochina Time)@d55873ea-1e98-4bc2-9725-8e32c3f4005a, Current mtime: Wed Apr 03 2024 09:53:45 GMT+0700 (Indochina Time)@d55873ea-1e98-4bc2-9725-8e32c3f4005a
09:53:52 debug: Inspect file:///Users/waostudio/Desktop/tx2/assets/Scripts/GameController.ts
09:53:52 debug: Resolve cce:/internal/code-quality/cr.mjs from file:///Users/waostudio/Desktop/tx2/assets/Scripts/GameController.ts as cce:/internal/code-quality/cr.mjs.
09:53:52 debug: Resolve cc from file:///Users/waostudio/Desktop/tx2/assets/Scripts/GameController.ts as cce:/internal/x/cc.
09:53:52 debug: Resolve cc from file:///Users/waostudio/Desktop/tx2/assets/Scripts/GameController.ts as cce:/internal/x/cc.
09:53:52 debug: Resolve cc from file:///Users/waostudio/Desktop/tx2/assets/Scripts/GameController.ts as cce:/internal/x/cc.
09:53:52 debug: Resolve ./Audio/AudioController from file:///Users/waostudio/Desktop/tx2/assets/Scripts/GameController.ts as file:///Users/waostudio/Desktop/tx2/assets/Scripts/Audio/AudioController.ts.
09:53:52 debug: Target(editor) ends with cost 271.1362919998355ms.
09:53:52 debug: Target(preview) build started.
09:53:52 debug: Detected change: cce:/internal/x/prerequisite-imports. Last mtime: Thu Jan 01 1970 08:27:35 GMT+0800 (Indochina Time), Current mtime: Thu Jan 01 1970 08:43:17 GMT+0800 (Indochina Time)
09:53:52 debug: Inspect cce:/internal/x/prerequisite-imports
09:53:52 debug: Resolve file:///Applications/Cocos/Creator/3.8.2/CocosCreator.app/Contents/Resources/resources/3d/engine/editor/assets/tools/debug-view-runtime-control.ts from cce:/internal/x/prerequisite-imports as file:///Applications/Cocos/Creator/3.8.2/CocosCreator.app/Contents/Resources/resources/3d/engine/editor/assets/tools/debug-view-runtime-control.ts.
09:53:52 debug: Resolve file:///Users/waostudio/Desktop/tx2/assets/Scripts/Audio/AudioController.ts from cce:/internal/x/prerequisite-imports as file:///Users/waostudio/Desktop/tx2/assets/Scripts/Audio/AudioController.ts.
09:53:52 debug: Resolve file:///Users/waostudio/Desktop/tx2/assets/Scripts/Data/Constant.ts from cce:/internal/x/prerequisite-imports as file:///Users/waostudio/Desktop/tx2/assets/Scripts/Data/Constant.ts.
09:53:52 debug: Resolve file:///Users/waostudio/Desktop/tx2/assets/Scripts/GameCenter.ts from cce:/internal/x/prerequisite-imports as file:///Users/waostudio/Desktop/tx2/assets/Scripts/GameCenter.ts.
09:53:52 debug: Resolve file:///Users/waostudio/Desktop/tx2/assets/Scripts/GameController.ts from cce:/internal/x/prerequisite-imports as file:///Users/waostudio/Desktop/tx2/assets/Scripts/GameController.ts.
09:53:52 debug: Detected change: file:///Users/waostudio/Desktop/tx2/assets/Scripts/GameController.ts. Last mtime: Wed Apr 03 2024 09:38:09 GMT+0700 (Indochina Time)@d55873ea-1e98-4bc2-9725-8e32c3f4005a, Current mtime: Wed Apr 03 2024 09:53:45 GMT+0700 (Indochina Time)@d55873ea-1e98-4bc2-9725-8e32c3f4005a
09:53:52 debug: Inspect file:///Users/waostudio/Desktop/tx2/assets/Scripts/GameController.ts
09:53:53 debug: Resolve cce:/internal/code-quality/cr.mjs from file:///Users/waostudio/Desktop/tx2/assets/Scripts/GameController.ts as cce:/internal/code-quality/cr.mjs.
09:53:53 debug: Resolve cc from file:///Users/waostudio/Desktop/tx2/assets/Scripts/GameController.ts as cce:/internal/x/cc.
09:53:53 debug: Resolve cc from file:///Users/waostudio/Desktop/tx2/assets/Scripts/GameController.ts as cce:/internal/x/cc.
09:53:53 debug: Resolve cc from file:///Users/waostudio/Desktop/tx2/assets/Scripts/GameController.ts as cce:/internal/x/cc.
09:53:53 debug: Resolve ./Audio/AudioController from file:///Users/waostudio/Desktop/tx2/assets/Scripts/GameController.ts as file:///Users/waostudio/Desktop/tx2/assets/Scripts/Audio/AudioController.ts.
09:53:53 debug: Target(preview) ends with cost 211.9550000000745ms.
11:08:15 debug: Dispatch build request for time accumulated 1 asset changes.
11:08:15 debug: Build iteration starts.
Number of accumulated asset changes: 1
Feature changed: false
11:08:15 debug: Target(editor) build started.
11:08:15 debug: Detected change: cce:/internal/x/prerequisite-imports. Last mtime: Thu Jan 01 1970 08:43:16 GMT+0800 (Indochina Time), Current mtime: Thu Jan 01 1970 09:57:39 GMT+0800 (Indochina Time)
11:08:15 debug: Inspect cce:/internal/x/prerequisite-imports
11:08:15 debug: Resolve file:///Applications/Cocos/Creator/3.8.2/CocosCreator.app/Contents/Resources/resources/3d/engine/editor/assets/tools/debug-view-runtime-control.ts from cce:/internal/x/prerequisite-imports as file:///Applications/Cocos/Creator/3.8.2/CocosCreator.app/Contents/Resources/resources/3d/engine/editor/assets/tools/debug-view-runtime-control.ts.
11:08:15 debug: Resolve file:///Users/waostudio/Desktop/tx2/assets/Scripts/Audio/AudioController.ts from cce:/internal/x/prerequisite-imports as file:///Users/waostudio/Desktop/tx2/assets/Scripts/Audio/AudioController.ts.
11:08:15 debug: Resolve file:///Users/waostudio/Desktop/tx2/assets/Scripts/Data/Constant.ts from cce:/internal/x/prerequisite-imports as file:///Users/waostudio/Desktop/tx2/assets/Scripts/Data/Constant.ts.
11:08:15 debug: Resolve file:///Users/waostudio/Desktop/tx2/assets/Scripts/GameCenter.ts from cce:/internal/x/prerequisite-imports as file:///Users/waostudio/Desktop/tx2/assets/Scripts/GameCenter.ts.
11:08:15 debug: Resolve file:///Users/waostudio/Desktop/tx2/assets/Scripts/GameController.ts from cce:/internal/x/prerequisite-imports as file:///Users/waostudio/Desktop/tx2/assets/Scripts/GameController.ts.
11:08:15 debug: Detected change: file:///Users/waostudio/Desktop/tx2/assets/Scripts/GameController.ts. Last mtime: Wed Apr 03 2024 09:53:45 GMT+0700 (Indochina Time)@d55873ea-1e98-4bc2-9725-8e32c3f4005a, Current mtime: Wed Apr 03 2024 11:08:10 GMT+0700 (Indochina Time)@d55873ea-1e98-4bc2-9725-8e32c3f4005a
11:08:15 debug: Inspect file:///Users/waostudio/Desktop/tx2/assets/Scripts/GameController.ts
11:08:15 debug: Resolve cce:/internal/code-quality/cr.mjs from file:///Users/waostudio/Desktop/tx2/assets/Scripts/GameController.ts as cce:/internal/code-quality/cr.mjs.
11:08:15 debug: Resolve cc from file:///Users/waostudio/Desktop/tx2/assets/Scripts/GameController.ts as cce:/internal/x/cc.
11:08:15 debug: Resolve cc from file:///Users/waostudio/Desktop/tx2/assets/Scripts/GameController.ts as cce:/internal/x/cc.
11:08:15 debug: Resolve cc from file:///Users/waostudio/Desktop/tx2/assets/Scripts/GameController.ts as cce:/internal/x/cc.
11:08:15 debug: Resolve ./Audio/AudioController from file:///Users/waostudio/Desktop/tx2/assets/Scripts/GameController.ts as file:///Users/waostudio/Desktop/tx2/assets/Scripts/Audio/AudioController.ts.
11:08:15 debug: Target(editor) ends with cost 286.5750420000404ms.
11:08:15 debug: Target(preview) build started.
11:08:15 debug: Detected change: cce:/internal/x/prerequisite-imports. Last mtime: Thu Jan 01 1970 08:43:17 GMT+0800 (Indochina Time), Current mtime: Thu Jan 01 1970 09:57:40 GMT+0800 (Indochina Time)
11:08:15 debug: Inspect cce:/internal/x/prerequisite-imports
11:08:15 debug: Resolve file:///Applications/Cocos/Creator/3.8.2/CocosCreator.app/Contents/Resources/resources/3d/engine/editor/assets/tools/debug-view-runtime-control.ts from cce:/internal/x/prerequisite-imports as file:///Applications/Cocos/Creator/3.8.2/CocosCreator.app/Contents/Resources/resources/3d/engine/editor/assets/tools/debug-view-runtime-control.ts.
11:08:15 debug: Resolve file:///Users/waostudio/Desktop/tx2/assets/Scripts/Audio/AudioController.ts from cce:/internal/x/prerequisite-imports as file:///Users/waostudio/Desktop/tx2/assets/Scripts/Audio/AudioController.ts.
11:08:15 debug: Resolve file:///Users/waostudio/Desktop/tx2/assets/Scripts/Data/Constant.ts from cce:/internal/x/prerequisite-imports as file:///Users/waostudio/Desktop/tx2/assets/Scripts/Data/Constant.ts.
11:08:15 debug: Resolve file:///Users/waostudio/Desktop/tx2/assets/Scripts/GameCenter.ts from cce:/internal/x/prerequisite-imports as file:///Users/waostudio/Desktop/tx2/assets/Scripts/GameCenter.ts.
11:08:15 debug: Resolve file:///Users/waostudio/Desktop/tx2/assets/Scripts/GameController.ts from cce:/internal/x/prerequisite-imports as file:///Users/waostudio/Desktop/tx2/assets/Scripts/GameController.ts.
11:08:15 debug: Detected change: file:///Users/waostudio/Desktop/tx2/assets/Scripts/GameController.ts. Last mtime: Wed Apr 03 2024 09:53:45 GMT+0700 (Indochina Time)@d55873ea-1e98-4bc2-9725-8e32c3f4005a, Current mtime: Wed Apr 03 2024 11:08:10 GMT+0700 (Indochina Time)@d55873ea-1e98-4bc2-9725-8e32c3f4005a
11:08:15 debug: Inspect file:///Users/waostudio/Desktop/tx2/assets/Scripts/GameController.ts
11:08:16 debug: Resolve cce:/internal/code-quality/cr.mjs from file:///Users/waostudio/Desktop/tx2/assets/Scripts/GameController.ts as cce:/internal/code-quality/cr.mjs.
11:08:16 debug: Resolve cc from file:///Users/waostudio/Desktop/tx2/assets/Scripts/GameController.ts as cce:/internal/x/cc.
11:08:16 debug: Resolve cc from file:///Users/waostudio/Desktop/tx2/assets/Scripts/GameController.ts as cce:/internal/x/cc.
11:08:16 debug: Resolve cc from file:///Users/waostudio/Desktop/tx2/assets/Scripts/GameController.ts as cce:/internal/x/cc.
11:08:16 debug: Resolve ./Audio/AudioController from file:///Users/waostudio/Desktop/tx2/assets/Scripts/GameController.ts as file:///Users/waostudio/Desktop/tx2/assets/Scripts/Audio/AudioController.ts.
11:08:16 debug: Target(preview) ends with cost 457.22220900002867ms.
